DEBUG [4120] - 11:29:35: 
heart_beat
SYN 1
DEBUG [4120] - 11:29:41: 
Client 192.168.10.100:1920(socket:1104) has been connected!
DEBUG [4120] - 11:29:41: 
LOGIN
OPERATORNAME:admin
PASS:admin
PHONE1:101
STATE1:1
PHONE2:109
STATE2:1

DEBUG [4120] - 11:29:41: 
Connection Opened!
DEBUG [4120] - 11:29:41: 
Start listening to server messages
DEBUG [4120] - 11:29:41: 
LOGINACK
STATUS:OK
OPERATORLEVEL:2
REASIONCODE:0

DEBUG [4120] - 11:29:41: 
GETOPERATORINFOR
OPERATORNAME:admin

DEBUG [4120] - 11:29:41: 
GETCONFROOMINFO
OPERATORNAME:admin

DEBUG [4120] - 11:29:42: 
CREATECONFROOM
OPERATORNAME:admin
OPERATORNUMBER:101
LOCALCONFROOMID:1015403
CONFROOMDESC:new conf room
OTHERS:
MAXDURATION:3600

DEBUG [4120] - 11:29:42: 
CREATECONFROOMACK
STATUS:OK
OPERATORNAME:admin
REASION:
LOCALROOMID:1015403
SERVERROOMID:1
OPERATORNUMBER:101

DEBUG [4120] - 11:29:43: 
MEMBERCONNECTED
NUMBER:101
ISOPERATOR:1
OPERATORNAME:admin
LOCALCONFROOMID:1015403
SERVERROOMID:1
ANSWERTIME:2016-01-25 11:31:12
ENABLEVIDEO:0

DEBUG [4120] - 11:29:43: 
STOPCONFROOM
OPERATORNAME:admin
SERVERROOMID:1
LOCALCONFROOMID:1015403
OTHERS:101

DEBUG [4120] - 11:29:43: 
STOPCONFROOMACK
OPERATORNAME:admin
SERVERROOMID:1
LOCALCONFROOMID:1015403
STATUS:OK
REASIONDESC:success

DEBUG [4120] - 11:29:43: 
QUITCONFROOM
ISOPERATOR:1
OPERATORNAME:admin
LOCALCONFROOMID:1015403
SERVERROOMID:1
NUMBER:101

DEBUG [4120] - 11:29:43: 
SERVERRELEASECONFROOM
OPERATORNAME:admin
LOCALCONFROOMID:1015403
SERVERROOMID:1

DEBUG [4120] - 11:29:43: 
CREATECONFROOM
OPERATORNAME:admin
OPERATORNUMBER:101
LOCALCONFROOMID:1015407
CONFROOMDESC:new conf room
OTHERS:
MAXDURATION:3600

DEBUG [4120] - 11:29:43: 
CREATECONFROOMACK
STATUS:OK
OPERATORNAME:admin
REASION:
LOCALROOMID:1015407
SERVERROOMID:1
OPERATORNUMBER:101

DEBUG [4120] - 11:29:44: 
MEMBERCONNECTED
NUMBER:101
ISOPERATOR:1
OPERATORNAME:admin
LOCALCONFROOMID:1015407
SERVERROOMID:1
ANSWERTIME:2016-01-25 11:31:13
ENABLEVIDEO:0

DEBUG [4120] - 11:29:44: 
STOPCONFROOM
OPERATORNAME:admin
SERVERROOMID:1
LOCALCONFROOMID:1015407
OTHERS:101

DEBUG [4120] - 11:29:44: 
STOPCONFROOMACK
OPERATORNAME:admin
SERVERROOMID:1
LOCALCONFROOMID:1015407
STATUS:OK
REASIONDESC:success

DEBUG [4120] - 11:29:44: 
QUITCONFROOM
ISOPERATOR:1
OPERATORNAME:admin
LOCALCONFROOMID:1015407
SERVERROOMID:1
NUMBER:101

DEBUG [4120] - 11:29:44: 
SERVERRELEASECONFROOM
OPERATORNAME:admin
LOCALCONFROOMID:1015407
SERVERROOMID:1

DEBUG [4120] - 11:29:47: 
heart_beat
SYN 2
DEBUG [4120] - 11:29:54: 
LOGOUT
OPERATORNAME:admin
PASS:admin

DEBUG [4120] - 11:29:54: 
LOGOUTACK
OPERATORNAME:admin
STATUS:OK

DEBUG [4120] - 11:29:54: 
Client 192.168.10.100:1920(socket:1104) has been disconnected!
DEBUG [4120] - 11:29:54: 
Client 192.168.10.100:1920(socket:1104) has been disconnected!
DEBUG [4120] - 11:29:59: 
heart_beat
SYN 3
DEBUG [4120] - 11:30:11: 
heart_beat
SYN 4
DEBUG [4120] - 11:30:23: 
heart_beat
SYN 5
